#
# There is insufficient memory for the Java Runtime Environment to continue.
# Native memory allocation (malloc) failed to allocate 2117600 bytes for Chunk::new
# Possible reasons:
#   The system is out of physical RAM or swap space
#   The process is running with CompressedOops enabled, and the Java Heap may be blocking the growth of the native heap
# Possible solutions:
#   Reduce memory load on the system
#   Increase physical memory or swap space
#   Check if swap backing store is full
#   Decrease Java heap size (-Xmx/-Xms)
#   Decrease number of Java threads
#   Decrease Java thread stack sizes (-Xss)
#   Set larger code cache with -XX:ReservedCodeCacheSize=
#   JVM is running with Unscaled Compressed Oops mode in which the Java heap is
#     placed in the first 4GB address space. The Java Heap base address is the
#     maximum limit for the native heap growth. Please use -XX:HeapBaseMinAddress
#     to set the Java Heap base and to place the Java Heap above 4GB virtual address.
# This output file may be truncated or incomplete.
#
#  Out of Memory Error (allocation.cpp:389), pid=5784, tid=0x0000000000001fec
#
# JRE version: Java(TM) SE Runtime Environment (8.0_251-b08) (build 1.8.0_251-b08)
# Java VM: Java HotSpot(TM) 64-Bit Server VM (25.251-b08 mixed mode windows-amd64 compressed oops)
# Failed to write core dump. Minidumps are not enabled by default on client versions of Windows
#

---------------  T H R E A D  ---------------

Current thread (0x0000000013e61800):  JavaThread "C2 CompilerThread1" daemon [_thread_in_native, id=8172, stack(0x00000000155a0000,0x00000000156a0000)]

Stack: [0x00000000155a0000,0x00000000156a0000]
[error occurred during error reporting (printing stack bounds), id 0xc0000005]

Native frames: (J=compiled Java code, j=interpreted, Vv=VM code, C=native code)


Current CompileTask:
C2:   6529 2203       4       java.net.URLClassLoader$1::run (5 bytes)


---------------  P R O C E S S  ---------------

Java Threads: ( => current thread )
  0x0000000017bab800 JavaThread "Cache worker for execution history cache (C:\Users\Marcelino\.gradle\caches\6.2\executionHistory)" [_thread_blocked, id=10228, stack(0x000000001d7a0000,0x000000001d8a0000)]
  0x0000000017baa000 JavaThread "Cache worker for cache directory md-rule (C:\Users\Marcelino\.gradle\caches\6.2\md-rule)" [_thread_blocked, id=7448, stack(0x000000001d4a0000,0x000000001d5a0000)]
  0x0000000017ba8800 JavaThread "Cache worker for cache directory md-supplier (C:\Users\Marcelino\.gradle\caches\6.2\md-supplier)" [_thread_blocked, id=9904, stack(0x000000001d3a0000,0x000000001d4a0000)]
  0x0000000017baf000 JavaThread "Cache worker for file hash cache (C:\Users\Marcelino\Documents\Work\Developer\Programacion\Portafolio\proyectos\AnimeReview\android\.gradle\6.2\fileHashes)" [_thread_blocked, id=11676, stack(0x000000001be60000,0x000000001bf60000)]
  0x0000000017ba9000 JavaThread "Cache worker for checksums cache (C:\Users\Marcelino\Documents\Work\Developer\Programacion\Portafolio\proyectos\AnimeReview\android\.gradle\checksums)" [_thread_blocked, id=11384, stack(0x000000001bd60000,0x000000001be60000)]
  0x0000000017bae800 JavaThread "Cache worker for file hash cache (C:\Users\Marcelino\.gradle\caches\6.2\fileHashes)" [_thread_blocked, id=6344, stack(0x0000000019bc0000,0x0000000019cc0000)]
  0x0000000017bac000 JavaThread "File lock request listener" [_thread_in_native, id=4816, stack(0x0000000019ac0000,0x0000000019bc0000)]
  0x0000000017bad800 JavaThread "Cache worker for journal cache (C:\Users\Marcelino\.gradle\caches\journal-1)" [_thread_blocked, id=10772, stack(0x00000000199c0000,0x0000000019ac0000)]
  0x00000000178d3800 JavaThread "Thread-9" [_thread_blocked, id=3488, stack(0x00000000194c0000,0x00000000195c0000)]
  0x0000000017862800 JavaThread "Stdin handler" [_thread_blocked, id=9880, stack(0x00000000193c0000,0x00000000194c0000)]
  0x0000000017861800 JavaThread "Asynchronous log dispatcher for DefaultDaemonConnection: socket connection from /127.0.0.1:63154 to /127.0.0.1:63155" [_thread_blocked, id=6136, stack(0x00000000192c0000,0x00000000193c0000)]
  0x000000001785c800 JavaThread "Daemon worker" [_thread_in_native, id=4768, stack(0x00000000191c0000,0x00000000192c0000)]
  0x000000001785a800 JavaThread "Cancel handler" [_thread_blocked, id=10800, stack(0x00000000190c0000,0x00000000191c0000)]
  0x0000000017858800 JavaThread "Handler for socket connection from /127.0.0.1:63154 to /127.0.0.1:63155" [_thread_in_native, id=6008, stack(0x0000000018fc0000,0x00000000190c0000)]
  0x0000000017854000 JavaThread "Daemon" [_thread_blocked, id=7472, stack(0x0000000018ec0000,0x0000000018fc0000)]
  0x00000000178d0800 JavaThread "Daemon periodic checks" [_thread_blocked, id=5172, stack(0x0000000018dc0000,0x0000000018ec0000)]
  0x000000001782a000 JavaThread "Incoming local TCP Connector on port 63154" [_thread_in_native, id=8468, stack(0x0000000018b80000,0x0000000018c80000)]
  0x00000000177d6000 JavaThread "Daemon health stats" [_thread_blocked, id=9944, stack(0x0000000018540000,0x0000000018640000)]
  0x00000000157d8800 JavaThread "Service Thread" daemon [_thread_blocked, id=9744, stack(0x0000000015ba0000,0x0000000015ca0000)]
  0x0000000013e6a000 JavaThread "C1 CompilerThread2" daemon [_thread_blocked, id=12224, stack(0x00000000156a0000,0x00000000157a0000)]
=>0x0000000013e61800 JavaThread "C2 CompilerThread1" daemon [_thread_in_native, id=8172, stack(0x00000000155a0000,0x00000000156a0000)]
  0x0000000013e5f800 JavaThread "C2 CompilerThread0" daemon [_thread_in_native, id=11956, stack(0x00000000154a0000,0x00000000155a0000)]
  0x0000000013e5e000 JavaThread "Attach Listener" daemon [_thread_blocked, id=6260, stack(0x00000000153a0000,0x00000000154a0000)]
  0x0000000013e5c800 JavaThread "Signal Dispatcher" daemon [_thread_blocked, id=9876, stack(0x00000000152a0000,0x00000000153a0000)]
  0x0000000013e40000 JavaThread "Finalizer" daemon [_thread_blocked, id=3536, stack(0x00000000150a0000,0x00000000151a0000)]
  0x0000000002ad9800 JavaThread "Reference Handler" daemon [_thread_blocked, id=9672, stack(0x0000000014fa0000,0x00000000150a0000)]
  0x00000000029e5800 JavaThread "main" [_thread_blocked, id=5352, stack(0x00000000028e0000,0x00000000029e0000)]

Other Threads:
  0x0000000013e18000 VMThread [stack: 0x0000000014ea0000,0x0000000014fa0000] [id=10460]
  0x00000000157f2800 WatcherThread [stack: 0x0000000015ca0000,0x0000000015da0000] [id=2936]

VM state:not at safepoint (normal execution)

VM Mutex/Monitor currently owned by a thread: None

heap address: 0x00000000e0000000, size: 512 MB, Compressed Oops mode: 32-bit
Narrow klass base: 0x0000000000000000, Narrow klass shift: 3
Compressed class space size: 1073741824 Address: 0x0000000100000000

Heap:
 PSYoungGen      total 76288K, used 13954K [0x00000000f5580000, 0x00000000faa80000, 0x0000000100000000)
  eden space 65536K, 8% used [0x00000000f5580000,0x00000000f5ae1910,0x00000000f9580000)
  from space 10752K, 78% used [0x00000000f9580000,0x00000000f9dbf280,0x00000000fa000000)
  to   space 10752K, 0% used [0x00000000fa000000,0x00000000fa000000,0x00000000faa80000)
 ParOldGen       total 175104K, used 7361K [0x00000000e0000000, 0x00000000eab00000, 0x00000000f5580000)
  object space 175104K, 4% used [0x00000000e0000000,0x00000000e07306b8,0x00000000eab00000)
 Metaspace       used 29193K, capacity 29926K, committed 30208K, reserved 1075200K
  class space    used 4040K, capacity 4244K, committed 4352K, reserved 1048576K

Card table byte_map: [0x0000000011ea0000,0x0000000011fb0000] byte_map_base: 0x00000000117a0000

Marking Bits: (ParMarkBitMap*) 0x000000007337af90
 Begin Bits: [0x00000000123b0000, 0x0000000012bb0000)
 End Bits:   [0x0000000012bb0000, 0x00000000133b0000)

Polling page: 0x0000000000ac0000

CodeCache: size=245760Kb used=9257Kb max_used=9257Kb free=236502Kb
 bounds [0x0000000002ae0000, 0x00000000033f0000, 0x0000000011ae0000]
 total_blobs=3030 nmethods=2357 adapters=585
 compilation: enabled

Compilation events (10 events):
Event: 6.500 Thread 0x0000000013e6a000 2359       3       java.lang.reflect.Method::isSynthetic (5 bytes)
Event: 6.500 Thread 0x0000000013e6a000 nmethod 2359 0x00000000033ea190 code [0x00000000033ea300, 0x00000000033ea590]
Event: 6.500 Thread 0x0000000013e6a000 2360       3       java.beans.Introspector::makeQualifiedMethodName (50 bytes)
Event: 6.501 Thread 0x0000000013e6a000 nmethod 2360 0x00000000033ea650 code [0x00000000033ea8e0, 0x00000000033ec188]
Event: 6.501 Thread 0x0000000013e6a000 2361       3       java.beans.FeatureDescriptor::<init> (137 bytes)
Event: 6.502 Thread 0x0000000013e6a000 nmethod 2361 0x00000000033ed090 code [0x00000000033ed2e0, 0x00000000033ee378]
Event: 6.502 Thread 0x0000000013e6a000 2362       3       groovyjarjarasm.asm.Symbol::<init> (38 bytes)
Event: 6.502 Thread 0x0000000013e6a000 nmethod 2362 0x00000000033ee990 code [0x00000000033eeae0, 0x00000000033eecf0]
Event: 6.502 Thread 0x0000000013e6a000 2363       1       groovyjarjarasm.asm.SymbolTable::getMajorVersion (5 bytes)
Event: 6.502 Thread 0x0000000013e6a000 nmethod 2363 0x00000000033eedd0 code [0x00000000033eef20, 0x00000000033ef030]

GC Heap History (10 events):
Event: 3.253 GC heap before
{Heap before GC invocations=2 (full 0):
 PSYoungGen      total 76288K, used 71274K [0x00000000f5580000, 0x00000000faa80000, 0x0000000100000000)
  eden space 65536K, 100% used [0x00000000f5580000,0x00000000f9580000,0x00000000f9580000)
  from space 10752K, 53% used [0x00000000f9580000,0x00000000f9b1aa10,0x00000000fa000000)
  to   space 10752K, 0% used [0x00000000fa000000,0x00000000fa000000,0x00000000faa80000)
 ParOldGen       total 175104K, used 16K [0x00000000e0000000, 0x00000000eab00000, 0x00000000f5580000)
  object space 175104K, 0% used [0x00000000e0000000,0x00000000e0004000,0x00000000eab00000)
 Metaspace       used 14951K, capacity 15336K, committed 15616K, reserved 1062912K
  class space    used 2068K, capacity 2228K, committed 2304K, reserved 1048576K
Event: 3.263 GC heap after
Heap after GC invocations=2 (full 0):
 PSYoungGen      total 76288K, used 9675K [0x00000000f5580000, 0x00000000faa80000, 0x0000000100000000)
  eden space 65536K, 0% used [0x00000000f5580000,0x00000000f5580000,0x00000000f9580000)
  from space 10752K, 89% used [0x00000000fa000000,0x00000000fa972e60,0x00000000faa80000)
  to   space 10752K, 0% used [0x00000000f9580000,0x00000000f9580000,0x00000000fa000000)
 ParOldGen       total 175104K, used 24K [0x00000000e0000000, 0x00000000eab00000, 0x00000000f5580000)
  object space 175104K, 0% used [0x00000000e0000000,0x00000000e0006000,0x00000000eab00000)
 Metaspace       used 14951K, capacity 15336K, committed 15616K, reserved 1062912K
  class space    used 2068K, capacity 2228K, committed 2304K, reserved 1048576K
}
Event: 4.502 GC heap before
{Heap before GC invocations=3 (full 0):
 PSYoungGen      total 76288K, used 75211K [0x00000000f5580000, 0x00000000faa80000, 0x0000000100000000)
  eden space 65536K, 100% used [0x00000000f5580000,0x00000000f9580000,0x00000000f9580000)
  from space 10752K, 89% used [0x00000000fa000000,0x00000000fa972e60,0x00000000faa80000)
  to   space 10752K, 0% used [0x00000000f9580000,0x00000000f9580000,0x00000000fa000000)
 ParOldGen       total 175104K, used 24K [0x00000000e0000000, 0x00000000eab00000, 0x00000000f5580000)
  object space 175104K, 0% used [0x00000000e0000000,0x00000000e0006000,0x00000000eab00000)
 Metaspace       used 20080K, capacity 20718K, committed 20864K, reserved 1067008K
  class space    used 2914K, capacity 3115K, committed 3200K, reserved 1048576K
Event: 4.511 GC heap after
Heap after GC invocations=3 (full 0):
 PSYoungGen      total 76288K, used 10750K [0x00000000f5580000, 0x00000000faa80000, 0x0000000100000000)
  eden space 65536K, 0% used [0x00000000f5580000,0x00000000f5580000,0x00000000f9580000)
  from space 10752K, 99% used [0x00000000f9580000,0x00000000f9fff998,0x00000000fa000000)
  to   space 10752K, 0% used [0x00000000fa000000,0x00000000fa000000,0x00000000faa80000)
 ParOldGen       total 175104K, used 721K [0x00000000e0000000, 0x00000000eab00000, 0x00000000f5580000)
  object space 175104K, 0% used [0x00000000e0000000,0x00000000e00b44f0,0x00000000eab00000)
 Metaspace       used 20080K, capacity 20718K, committed 20864K, reserved 1067008K
  class space    used 2914K, capacity 3115K, committed 3200K, reserved 1048576K
}
Event: 4.686 GC heap before
{Heap before GC invocations=4 (full 0):
 PSYoungGen      total 76288K, used 23535K [0x00000000f5580000, 0x00000000faa80000, 0x0000000100000000)
  eden space 65536K, 19% used [0x00000000f5580000,0x00000000f61fc4c8,0x00000000f9580000)
  from space 10752K, 99% used [0x00000000f9580000,0x00000000f9fff998,0x00000000fa000000)
  to   space 10752K, 0% used [0x00000000fa000000,0x00000000fa000000,0x00000000faa80000)
 ParOldGen       total 175104K, used 721K [0x00000000e0000000, 0x00000000eab00000, 0x00000000f5580000)
  object space 175104K, 0% used [0x00000000e0000000,0x00000000e00b44f0,0x00000000eab00000)
 Metaspace       used 20710K, capacity 21242K, committed 21296K, reserved 1067008K
  class space    used 3012K, capacity 3197K, committed 3200K, reserved 1048576K
Event: 4.691 GC heap after
Heap after GC invocations=4 (full 0):
 PSYoungGen      total 76288K, used 7521K [0x00000000f5580000, 0x00000000faa80000, 0x0000000100000000)
  eden space 65536K, 0% used [0x00000000f5580000,0x00000000f5580000,0x00000000f9580000)
  from space 10752K, 69% used [0x00000000fa000000,0x00000000fa758428,0x00000000faa80000)
  to   space 10752K, 0% used [0x00000000f9580000,0x00000000f9580000,0x00000000fa000000)
 ParOldGen       total 175104K, used 729K [0x00000000e0000000, 0x00000000eab00000, 0x00000000f5580000)
  object space 175104K, 0% used [0x00000000e0000000,0x00000000e00b64f0,0x00000000eab00000)
 Metaspace       used 20710K, capacity 21242K, committed 21296K, reserved 1067008K
  class space    used 3012K, capacity 3197K, committed 3200K, reserved 1048576K
}
Event: 4.705 GC heap before
{Heap before GC invocations=5 (full 1):
 PSYoungGen      total 76288K, used 7521K [0x00000000f5580000, 0x00000000faa80000, 0x0000000100000000)
  eden space 65536K, 0% used [0x00000000f5580000,0x00000000f5580000,0x00000000f9580000)
  from space 10752K, 69% used [0x00000000fa000000,0x00000000fa758428,0x00000000faa80000)
  to   space 10752K, 0% used [0x00000000f9580000,0x00000000f9580000,0x00000000fa000000)
 ParOldGen       total 175104K, used 729K [0x00000000e0000000, 0x00000000eab00000, 0x00000000f5580000)
  object space 175104K, 0% used [0x00000000e0000000,0x00000000e00b64f0,0x00000000eab00000)
 Metaspace       used 20710K, capacity 21242K, committed 21296K, reserved 1067008K
  class space    used 3012K, capacity 3197K, committed 3200K, reserved 1048576K
Event: 4.760 GC heap after
Heap after GC invocations=5 (full 1):
 PSYoungGen      total 76288K, used 0K [0x00000000f5580000, 0x00000000faa80000, 0x0000000100000000)
  eden space 65536K, 0% used [0x00000000f5580000,0x00000000f5580000,0x00000000f9580000)
  from space 10752K, 0% used [0x00000000fa000000,0x00000000fa000000,0x00000000faa80000)
  to   space 10752K, 0% used [0x00000000f9580000,0x00000000f9580000,0x00000000fa000000)
 ParOldGen       total 175104K, used 7353K [0x00000000e0000000, 0x00000000eab00000, 0x00000000f5580000)
  object space 175104K, 4% used [0x00000000e0000000,0x00000000e072e6b8,0x00000000eab00000)
 Metaspace       used 20710K, capacity 21242K, committed 21296K, reserved 1067008K
  class space    used 3012K, capacity 3197K, committed 3200K, reserved 1048576K
}
Event: 6.447 GC heap before
{Heap before GC invocations=6 (full 1):
 PSYoungGen      total 76288K, used 65536K [0x00000000f5580000, 0x00000000faa80000, 0x0000000100000000)
  eden space 65536K, 100% used [0x00000000f5580000,0x00000000f9580000,0x00000000f9580000)
  from space 10752K, 0% used [0x00000000fa000000,0x00000000fa000000,0x00000000faa80000)
  to   space 10752K, 0% used [0x00000000f9580000,0x00000000f9580000,0x00000000fa000000)
 ParOldGen       total 175104K, used 7353K [0x00000000e0000000, 0x00000000eab00000, 0x00000000f5580000)
  object space 175104K, 4% used [0x00000000e0000000,0x00000000e072e6b8,0x00000000eab00000)
 Metaspace       used 29077K, capacity 29746K, committed 30080K, reserved 1075200K
  class space    used 4023K, capacity 4204K, committed 4224K, reserved 1048576K
Event: 6.461 GC heap after
Heap after GC invocations=6 (full 1):
 PSYoungGen      total 76288K, used 8444K [0x00000000f5580000, 0x00000000faa80000, 0x0000000100000000)
  eden space 65536K, 0% used [0x00000000f5580000,0x00000000f5580000,0x00000000f9580000)
  from space 10752K, 78% used [0x00000000f9580000,0x00000000f9dbf280,0x00000000fa000000)
  to   space 10752K, 0% used [0x00000000fa000000,0x00000000fa000000,0x00000000faa80000)
 ParOldGen       total 175104K, used 7361K [0x00000000e0000000, 0x00000000eab00000, 0x00000000f5580000)
  object space 175104K, 4% used [0x00000000e0000000,0x00000000e07306b8,0x00000000eab00000)
 Metaspace       used 29077K, capacity 29746K, committed 30080K, reserved 1075200K
  class space    used 4023K, capacity 4204K, committed 4224K, reserved 1048576K
}

Deoptimization events (10 events):
Event: 6.026 Thread 0x000000001785c800 Uncommon trap: reason=unstable_if action=reinterpret pc=0x00000000031bf724 method=java.lang.String.regionMatches(ZILjava/lang/String;II)Z @ 41
Event: 6.057 Thread 0x000000001785c800 Uncommon trap: reason=unstable_if action=reinterpret pc=0x0000000002fc9f18 method=java.lang.ClassLoader.getClassLoadingLock(Ljava/lang/String;)Ljava/lang/Object; @ 6
Event: 6.073 Thread 0x000000001785c800 Uncommon trap: reason=class_check action=maybe_recompile pc=0x00000000031f1d14 method=sun.misc.URLClassPath.getLoader(I)Lsun/misc/URLClassPath$Loader; @ 239
Event: 6.074 Thread 0x000000001785c800 Uncommon trap: reason=unstable_if action=reinterpret pc=0x0000000002fbf3b8 method=java.lang.String.regionMatches(ZILjava/lang/String;II)Z @ 41
Event: 6.082 Thread 0x000000001785c800 Uncommon trap: reason=class_check action=maybe_recompile pc=0x00000000031f1d14 method=sun.misc.URLClassPath.getLoader(I)Lsun/misc/URLClassPath$Loader; @ 239
Event: 6.328 Thread 0x000000001785c800 Uncommon trap: reason=unstable_if action=reinterpret pc=0x0000000002d8fe44 method=sun.nio.cs.UTF_8$Decoder.decode([BII[C)I @ 30
Event: 6.329 Thread 0x000000001785c800 Uncommon trap: reason=unstable_if action=reinterpret pc=0x0000000002cdc9d8 method=sun.nio.cs.UTF_8$Encoder.encode([CII[B)I @ 33
Event: 6.338 Thread 0x000000001785c800 Uncommon trap: reason=class_check action=maybe_recompile pc=0x00000000031f19ec method=sun.misc.URLClassPath.getLoader(I)Lsun/misc/URLClassPath$Loader; @ 94
Event: 6.353 Thread 0x000000001785c800 Uncommon trap: reason=class_check action=maybe_recompile pc=0x00000000031e863c method=sun.misc.URLClassPath.getLoader(I)Lsun/misc/URLClassPath$Loader; @ 239
Event: 6.462 Thread 0x0000000002ad9800 Uncommon trap: reason=unstable_if action=reinterpret pc=0x0000000002ffca3c method=java.lang.ref.Reference.tryHandlePending(Z)Z @ 104

Classes redefined (0 events):
No events

Internal exceptions (10 events):
Event: 6.491 Thread 0x000000001785c800 Exception <a 'java/lang/ClassNotFoundException': java/io/InputStreamReaderBeanInfo> (0x00000000f582adc0) thrown at [C:\jenkins\workspace\8-2-build-windows-amd64-cygwin\jdk8u251\737\hotspot\src\share\vm\classfile\systemDictionary.cpp, line 210]
Event: 6.491 Thread 0x000000001785c800 Exception <a 'java/lang/ClassNotFoundException': java/io/ReaderBeanInfo> (0x00000000f582e9f8) thrown at [C:\jenkins\workspace\8-2-build-windows-amd64-cygwin\jdk8u251\737\hotspot\src\share\vm\classfile\systemDictionary.cpp, line 210]
Event: 6.491 Thread 0x000000001785c800 Exception <a 'java/lang/ClassNotFoundException': java/io/ReaderCustomizer> (0x00000000f5832698) thrown at [C:\jenkins\workspace\8-2-build-windows-amd64-cygwin\jdk8u251\737\hotspot\src\share\vm\classfile\systemDictionary.cpp, line 210]
Event: 6.491 Thread 0x000000001785c800 Exception <a 'java/lang/ClassNotFoundException': java/io/InputStreamReaderCustomizer> (0x00000000f583b040) thrown at [C:\jenkins\workspace\8-2-build-windows-amd64-cygwin\jdk8u251\737\hotspot\src\share\vm\classfile\systemDictionary.cpp, line 210]
Event: 6.493 Thread 0x000000001785c800 Exception <a 'java/lang/ClassNotFoundException': java/io/BufferedReaderBeanInfo> (0x00000000f5860b40) thrown at [C:\jenkins\workspace\8-2-build-windows-amd64-cygwin\jdk8u251\737\hotspot\src\share\vm\classfile\systemDictionary.cpp, line 210]
Event: 6.493 Thread 0x000000001785c800 Exception <a 'java/lang/ClassNotFoundException': java/io/BufferedReaderCustomizer> (0x00000000f5864878) thrown at [C:\jenkins\workspace\8-2-build-windows-amd64-cygwin\jdk8u251\737\hotspot\src\share\vm\classfile\systemDictionary.cpp, line 210]
Event: 6.497 Thread 0x000000001785c800 Exception <a 'java/lang/ClassNotFoundException': java/lang/StringBufferBeanInfo> (0x00000000f5977458) thrown at [C:\jenkins\workspace\8-2-build-windows-amd64-cygwin\jdk8u251\737\hotspot\src\share\vm\classfile\systemDictionary.cpp, line 210]
Event: 6.497 Thread 0x000000001785c800 Exception <a 'java/lang/ClassNotFoundException': java/lang/AbstractStringBuilderBeanInfo> (0x00000000f597b308) thrown at [C:\jenkins\workspace\8-2-build-windows-amd64-cygwin\jdk8u251\737\hotspot\src\share\vm\classfile\systemDictionary.cpp, line 210]
Event: 6.497 Thread 0x000000001785c800 Exception <a 'java/lang/ClassNotFoundException': java/lang/AbstractStringBuilderCustomizer> (0x00000000f597f1e8) thrown at [C:\jenkins\workspace\8-2-build-windows-amd64-cygwin\jdk8u251\737\hotspot\src\share\vm\classfile\systemDictionary.cpp, line 210]
Event: 6.500 Thread 0x000000001785c800 Exception <a 'java/lang/ClassNotFoundException': java/lang/StringBufferCustomizer> (0x00000000f5a23238) thrown at [C:\jenkins\workspace\8-2-build-windows-amd64-cygwin\jdk8u251\737\hotspot\src\share\vm\classfile\systemDictionary.cpp, line 210]

Events (10 events):
Event: 6.497 loading class java/lang/AbstractStringBuilderCustomizer
Event: 6.497 loading class java/lang/AbstractStringBuilderCustomizer done
Event: 6.497 loading class java/lang/AbstractStringBuilderCustomizer
Event: 6.497 loading class java/lang/AbstractStringBuilderCustomizer done
Event: 6.500 loading class java/lang/StringBufferCustomizer
Event: 6.500 loading class java/lang/StringBufferCustomizer done
Event: 6.500 loading class java/lang/StringBufferCustomizer
Event: 6.500 loading class java/lang/StringBufferCustomizer done
Event: 6.502 loading class groovy/lang/GroovyRuntimeException
Event: 6.502 loading class groovy/lang/GroovyRuntimeException done


Dynamic libraries:
0x00007ff618d10000 - 0x00007ff618d47000 	C:\Program Files\Java\jre1.8.0_251\bin\java.exe
0x00007ff8e0e00000 - 0x00007ff8e0ff0000 	C:\WINDOWS\SYSTEM32\ntdll.dll
0x00007ff8e03c0000 - 0x00007ff8e0472000 	C:\WINDOWS\System32\KERNEL32.DLL
0x00007ff8ddae0000 - 0x00007ff8ddd85000 	C:\WINDOWS\System32\KERNELBASE.dll
0x00007ff8e0600000 - 0x00007ff8e06a3000 	C:\WINDOWS\System32\ADVAPI32.dll
0x00007ff8e0540000 - 0x00007ff8e05de000 	C:\WINDOWS\System32\msvcrt.dll
0x00007ff8de7c0000 - 0x00007ff8de857000 	C:\WINDOWS\System32\sechost.dll
0x00007ff8dfe60000 - 0x00007ff8dff80000 	C:\WINDOWS\System32\RPCRT4.dll
0x00007ff8e0000000 - 0x00007ff8e0194000 	C:\WINDOWS\System32\USER32.dll
0x00007ff8dda10000 - 0x00007ff8dda31000 	C:\WINDOWS\System32\win32u.dll
0x00007ff8e0250000 - 0x00007ff8e0276000 	C:\WINDOWS\System32\GDI32.dll
0x00007ff8dd6a0000 - 0x00007ff8dd836000 	C:\WINDOWS\System32\gdi32full.dll
0x00007ff8dda40000 - 0x00007ff8ddade000 	C:\WINDOWS\System32\msvcp_win.dll
0x00007ff8dd540000 - 0x00007ff8dd63a000 	C:\WINDOWS\System32\ucrtbase.dll
0x00007ff8c6030000 - 0x00007ff8c62b4000 	C:\WINDOWS\WinSxS\amd64_microsoft.windows.common-controls_6595b64144ccf1df_6.0.18362.1198_none_9e820b57e45ad92f\COMCTL32.dll
0x00007ff8df430000 - 0x00007ff8df765000 	C:\WINDOWS\System32\combase.dll
0x00007ff8dd8e0000 - 0x00007ff8dd960000 	C:\WINDOWS\System32\bcryptPrimitives.dll
0x00007ff8e0220000 - 0x00007ff8e024e000 	C:\WINDOWS\System32\IMM32.DLL
0x0000000073e80000 - 0x0000000073f52000 	C:\Program Files\Java\jre1.8.0_251\bin\msvcr100.dll
0x0000000072b50000 - 0x00000000733fb000 	C:\Program Files\Java\jre1.8.0_251\bin\server\jvm.dll
0x00007ff8e0530000 - 0x00007ff8e0538000 	C:\WINDOWS\System32\PSAPI.DLL
0x00007ff8da5e0000 - 0x00007ff8da604000 	C:\WINDOWS\SYSTEM32\WINMM.dll
0x00007ff8d81d0000 - 0x00007ff8d81da000 	C:\WINDOWS\SYSTEM32\VERSION.dll
0x00007ff8cc7f0000 - 0x00007ff8cc7f9000 	C:\WINDOWS\SYSTEM32\WSOCK32.dll
0x00007ff8df3b0000 - 0x00007ff8df41f000 	C:\WINDOWS\System32\WS2_32.dll
0x00007ff8da060000 - 0x00007ff8da08d000 	C:\WINDOWS\SYSTEM32\winmmbase.dll
0x00007ff8dd840000 - 0x00007ff8dd88a000 	C:\WINDOWS\System32\cfgmgr32.dll
0x00007ff8c3c50000 - 0x00007ff8c3c5f000 	C:\Program Files\Java\jre1.8.0_251\bin\verify.dll
0x00007ff8b92f0000 - 0x00007ff8b9319000 	C:\Program Files\Java\jre1.8.0_251\bin\java.dll
0x00007ff8b70f0000 - 0x00007ff8b7106000 	C:\Program Files\Java\jre1.8.0_251\bin\zip.dll
0x00007ff8e06b0000 - 0x00007ff8e0d97000 	C:\WINDOWS\System32\SHELL32.dll
0x00007ff8e0480000 - 0x00007ff8e0529000 	C:\WINDOWS\System32\shcore.dll
0x00007ff8ddd90000 - 0x00007ff8de511000 	C:\WINDOWS\System32\windows.storage.dll
0x00007ff8dd330000 - 0x00007ff8dd353000 	C:\WINDOWS\System32\profapi.dll
0x00007ff8dd360000 - 0x00007ff8dd3aa000 	C:\WINDOWS\System32\powrprof.dll
0x00007ff8dd320000 - 0x00007ff8dd330000 	C:\WINDOWS\System32\UMPDC.dll
0x00007ff8de700000 - 0x00007ff8de752000 	C:\WINDOWS\System32\shlwapi.dll
0x00007ff8dd3d0000 - 0x00007ff8dd3e1000 	C:\WINDOWS\System32\kernel.appcore.dll
0x00007ff8dd890000 - 0x00007ff8dd8a7000 	C:\WINDOWS\System32\cryptsp.dll
0x00007ff8b0f30000 - 0x00007ff8b0f4a000 	C:\Program Files\Java\jre1.8.0_251\bin\net.dll
0x00007ff8dcb10000 - 0x00007ff8dcb77000 	C:\WINDOWS\system32\mswsock.dll
0x00007ff8b0810000 - 0x00007ff8b0822000 	C:\Program Files\Java\jre1.8.0_251\bin\nio.dll
0x00007ff8d4e40000 - 0x00007ff8d4e6a000 	C:\Users\Marcelino\.gradle\native\36\windows-amd64\native-platform.dll
0x00007ff8c3c70000 - 0x00007ff8c3c7d000 	C:\Program Files\Java\jre1.8.0_251\bin\management.dll
0x00007ff8dc680000 - 0x00007ff8dc6b3000 	C:\WINDOWS\system32\rsaenh.dll
0x00007ff8dd8b0000 - 0x00007ff8dd8d6000 	C:\WINDOWS\System32\bcrypt.dll
0x00007ff8dd240000 - 0x00007ff8dd265000 	C:\WINDOWS\SYSTEM32\USERENV.dll
0x00007ff8dcce0000 - 0x00007ff8dccec000 	C:\WINDOWS\SYSTEM32\CRYPTBASE.dll
0x00007ff8dc820000 - 0x00007ff8dc85a000 	C:\WINDOWS\SYSTEM32\IPHLPAPI.DLL
0x00007ff8df420000 - 0x00007ff8df428000 	C:\WINDOWS\System32\NSI.dll
0x00007ff8d68f0000 - 0x00007ff8d6906000 	C:\WINDOWS\SYSTEM32\dhcpcsvc6.DLL
0x00007ff8d6e10000 - 0x00007ff8d6e2c000 	C:\WINDOWS\SYSTEM32\dhcpcsvc.DLL
0x00007ff8dc870000 - 0x00007ff8dc93b000 	C:\WINDOWS\SYSTEM32\DNSAPI.dll

VM Arguments:
jvm_args: -XX:MaxMetaspaceSize=256m -XX:+HeapDumpOnOutOfMemoryError -Xms256m -Xmx512m -Dfile.encoding=windows-1252 -Duser.country=US -Duser.language=en -Duser.variant 
java_command: org.gradle.launcher.daemon.bootstrap.GradleDaemon 6.2
java_class_path (initial): C:\Users\Marcelino\.gradle\wrapper\dists\gradle-6.2-all\dvufqs6kielxeao781pmk5huj\gradle-6.2\lib\gradle-launcher-6.2.jar
Launcher Type: SUN_STANDARD

Environment Variables:
CLASSPATH=C:\Users\Marcelino\Documents\Work\Developer\Programacion\Portafolio\proyectos\AnimeReview\android\\gradle\wrapper\gradle-wrapper.jar
PATH=C:\program files\nodejs\node_modules\npm\node_modules\npm-lifecycle\node-gyp-bin;C:\Users\Marcelino\Documents\Work\Developer\Programacion\Portafolio\proyectos\AnimeReview\node_modules\.bin;C:\Program Files\Git\mingw64\bin;C:\Program Files\Git\usr\bin;C:\Users\Marcelino\bin;C:\program files (x86)\common files\oracle\java\javapath;C:\program files (x86)\common files\microsoft shared\windows live;C:\windows\system32;C:\windows;C:\windows\system32\wbem;C:\windows\system32\windowspowershell\v1.0;C:\program files\nodejs;C:\program files\git\cmd;C:\Program Files (x86)\NVIDIA Corporation\PhysX\Common;C:\WINDOWS\system32;C:\WINDOWS;C:\WINDOWS\System32\Wbem;C:\WINDOWS\System32\WindowsPowerShell\v1.0;C:\WINDOWS\System32\OpenSSH;C:\Program Files\dotnet;C:\Program Files (x86)\mingw-w64\i686-8.1.0-posix-dwarf-rt_v6-rev0\mingw32\bin;C:\Program Files\Git\cmd;C:\Program Files (x86)\Microvirt\MEmu;C:\Users\Marcelino\anaconda3;C:\Users\Marcelino\anaconda3\Library\mingw-w64\bin;C:\Users\Marcelino\anaconda3\Library\usr\bin;C:\Users\Marcelino\anaconda3\Library\bin;C:\Users\Marcelino\anaconda3\Scripts;C:\Users\Marcelino\AppData\Local\Programs\Python\Python38-32\Scripts;C:\Users\Marcelino\AppData\Local\Programs\Python\Python38-32;C:\Users\Marcelino\AppData\Local\Programs\Microsoft VS Code\bin;C:\Users\Marcelino\AppData\Roaming\npm;C:\Users\Marcelino\AppData\Local\Microsoft\WindowsApps;C:\Users\Marcelino\.dotnet\tools;C:\Program Files\MongoDB\Server\4.2\bin;C:\Users\Marcelino\.dotnet\tools;C:\Users\Marcelino\AppData\Local\Postman;C:\Program Files\heroku\bin;C:\Users\Marcelino\.deno\bin;C:\Users\Marcelino\AppData\Local\Android\Sdk\platform-tools
USERNAME=Marcelino
OS=Windows_NT
PROCESSOR_IDENTIFIER=Intel64 Family 6 Model 42 Stepping 7, GenuineIntel



---------------  S Y S T E M  ---------------

OS: Windows 10.0 , 64 bit Build 18362 (10.0.18362.1110)

CPU:total 4 (initial active 4) (4 cores per cpu, 1 threads per core) family 6 model 42 stepping 7, cmov, cx8, fxsr, mmx, sse, sse2, sse3, ssse3, sse4.1, sse4.2, popcnt, avx, aes, clmul, tsc, tscinvbit

Memory: 4k page, physical 6247472k(287244k free), swap 7945264k(5132k free)

vm_info: Java HotSpot(TM) 64-Bit Server VM (25.251-b08) for windows-amd64 JRE (1.8.0_251-b08), built on Mar 12 2020 06:31:49 by "" with MS VC++ 10.0 (VS2010)

time: Wed Nov 25 15:59:58 2020
timezone: Venezuela Standard Time
elapsed time: 6 seconds (0d 0h 0m 6s)

