#
# There is insufficient memory for the Java Runtime Environment to continue.
# Native memory allocation (malloc) failed to allocate 1522320 bytes for Chunk::new
# Possible reasons:
#   The system is out of physical RAM or swap space
#   The process is running with CompressedOops enabled, and the Java Heap may be blocking the growth of the native heap
# Possible solutions:
#   Reduce memory load on the system
#   Increase physical memory or swap space
#   Check if swap backing store is full
#   Decrease Java heap size (-Xmx/-Xms)
#   Decrease number of Java threads
#   Decrease Java thread stack sizes (-Xss)
#   Set larger code cache with -XX:ReservedCodeCacheSize=
#   JVM is running with Unscaled Compressed Oops mode in which the Java heap is
#     placed in the first 4GB address space. The Java Heap base address is the
#     maximum limit for the native heap growth. Please use -XX:HeapBaseMinAddress
#     to set the Java Heap base and to place the Java Heap above 4GB virtual address.
# This output file may be truncated or incomplete.
#
#  Out of Memory Error (allocation.cpp:389), pid=6212, tid=0x0000000000000208
#
# JRE version: OpenJDK Runtime Environment (8.0_242-b01) (build 1.8.0_242-release-1644-b01)
# Java VM: OpenJDK 64-Bit Server VM (25.242-b01 mixed mode windows-amd64 compressed oops)
# Failed to write core dump. Minidumps are not enabled by default on client versions of Windows
#

---------------  T H R E A D  ---------------

Current thread (0x00000000137fa800):  JavaThread "C2 CompilerThread1" daemon [_thread_in_native, id=520, stack(0x0000000014f40000,0x0000000015040000)]

Stack: [0x0000000014f40000,0x0000000015040000]
[error occurred during error reporting (printing stack bounds), id 0xc0000005]

Native frames: (J=compiled Java code, j=interpreted, Vv=VM code, C=native code)


Current CompileTask:
C2:  42543 4349   !   4       com.sun.beans.TypeResolver::resolve (274 bytes)


---------------  P R O C E S S  ---------------

Java Threads: ( => current thread )
  0x000000001596b000 JavaThread "Cache worker for Build Output Cleanup Cache (C:\Users\Marcelino\Documents\Work\Developer\Programacion\Portafolio\proyectos\AnimeReview\android\.gradle\buildOutputCleanup)" [_thread_blocked, id=8800, stack(0x000000001ea10000,0x000000001eb10000)]
  0x0000000015972000 JavaThread "Build operations Thread 4" [_thread_blocked, id=8036, stack(0x000000001e110000,0x000000001e210000)]
  0x000000001596a800 JavaThread "Build operations Thread 3" [_thread_blocked, id=10216, stack(0x000000001e010000,0x000000001e110000)]
  0x000000001596f800 JavaThread "Build operations Thread 2" [_thread_blocked, id=11024, stack(0x000000001df10000,0x000000001e010000)]
  0x000000001596f000 JavaThread "Build operations" [_thread_blocked, id=11776, stack(0x000000001cc00000,0x000000001cd00000)]
  0x0000000016acd000 JavaThread "Cache worker for execution history cache (C:\Users\Marcelino\.gradle\caches\6.2\executionHistory)" [_thread_blocked, id=11600, stack(0x000000001b130000,0x000000001b230000)]
  0x0000000016acc800 JavaThread "Cache worker for cache directory md-rule (C:\Users\Marcelino\.gradle\caches\6.2\md-rule)" [_thread_blocked, id=11788, stack(0x000000001b030000,0x000000001b130000)]
  0x0000000016ac8800 JavaThread "Cache worker for cache directory md-supplier (C:\Users\Marcelino\.gradle\caches\6.2\md-supplier)" [_thread_blocked, id=9316, stack(0x000000001af30000,0x000000001b030000)]
  0x0000000016acb800 JavaThread "Cache worker for file hash cache (C:\Users\Marcelino\Documents\Work\Developer\Programacion\Portafolio\proyectos\AnimeReview\android\.gradle\6.2\fileHashes)" [_thread_blocked, id=7852, stack(0x000000001aa30000,0x000000001ab30000)]
  0x0000000016acb000 JavaThread "Cache worker for checksums cache (C:\Users\Marcelino\Documents\Work\Developer\Programacion\Portafolio\proyectos\AnimeReview\android\.gradle\checksums)" [_thread_blocked, id=4032, stack(0x000000001a930000,0x000000001aa30000)]
  0x0000000016aca000 JavaThread "Cache worker for file hash cache (C:\Users\Marcelino\.gradle\caches\6.2\fileHashes)" [_thread_blocked, id=10124, stack(0x0000000019560000,0x0000000019660000)]
  0x0000000016acf800 JavaThread "File lock request listener" [_thread_in_native, id=10000, stack(0x0000000019460000,0x0000000019560000)]
  0x0000000016ac9800 JavaThread "Cache worker for journal cache (C:\Users\Marcelino\.gradle\caches\journal-1)" [_thread_blocked, id=5648, stack(0x0000000019360000,0x0000000019460000)]
  0x0000000016508000 JavaThread "Thread-9" [_thread_blocked, id=3616, stack(0x0000000019060000,0x0000000019160000)]
  0x0000000016505800 JavaThread "Stdin handler" [_thread_blocked, id=11172, stack(0x0000000018f60000,0x0000000019060000)]
  0x0000000016586000 JavaThread "Asynchronous log dispatcher for DefaultDaemonConnection: socket connection from /127.0.0.1:57862 to /127.0.0.1:57863" [_thread_blocked, id=5292, stack(0x0000000018e60000,0x0000000018f60000)]
  0x0000000016583800 JavaThread "Daemon worker" [_thread_in_native, id=5224, stack(0x0000000018d60000,0x0000000018e60000)]
  0x0000000016581800 JavaThread "Cancel handler" [_thread_blocked, id=11836, stack(0x0000000018c60000,0x0000000018d60000)]
  0x000000001640d800 JavaThread "Handler for socket connection from /127.0.0.1:57862 to /127.0.0.1:57863" [_thread_in_native, id=4308, stack(0x0000000018960000,0x0000000018a60000)]
  0x0000000016956000 JavaThread "Daemon" [_thread_blocked, id=1108, stack(0x0000000018860000,0x0000000018960000)]
  0x0000000016954800 JavaThread "Daemon periodic checks" [_thread_blocked, id=1820, stack(0x0000000018760000,0x0000000018860000)]
  0x0000000015337800 JavaThread "Incoming local TCP Connector on port 57862" [_thread_in_native, id=9400, stack(0x0000000018520000,0x0000000018620000)]
  0x0000000015f7b000 JavaThread "Daemon health stats" [_thread_blocked, id=5208, stack(0x0000000017ee0000,0x0000000017fe0000)]
  0x000000001384e800 JavaThread "Service Thread" daemon [_thread_blocked, id=7016, stack(0x0000000015540000,0x0000000015640000)]
  0x000000001380d800 JavaThread "C1 CompilerThread2" daemon [_thread_blocked, id=11012, stack(0x0000000015040000,0x0000000015140000)]
=>0x00000000137fa800 JavaThread "C2 CompilerThread1" daemon [_thread_in_native, id=520, stack(0x0000000014f40000,0x0000000015040000)]
  0x00000000137f4800 JavaThread "C2 CompilerThread0" daemon [_thread_in_native, id=6576, stack(0x0000000014e40000,0x0000000014f40000)]
  0x00000000137f3000 JavaThread "Attach Listener" daemon [_thread_blocked, id=6588, stack(0x0000000014d40000,0x0000000014e40000)]
  0x00000000137f1800 JavaThread "Signal Dispatcher" daemon [_thread_blocked, id=9828, stack(0x0000000014c40000,0x0000000014d40000)]
  0x000000000247b800 JavaThread "Finalizer" daemon [_thread_blocked, id=9596, stack(0x0000000014a40000,0x0000000014b40000)]
  0x00000000137d9000 JavaThread "Reference Handler" daemon [_thread_blocked, id=11852, stack(0x0000000014940000,0x0000000014a40000)]
  0x000000000237e000 JavaThread "main" [_thread_blocked, id=4036, stack(0x0000000002260000,0x0000000002360000)]

Other Threads:
  0x00000000137b8000 VMThread [stack: 0x0000000014840000,0x0000000014940000] [id=5900]
  0x0000000015178800 WatcherThread [stack: 0x0000000015640000,0x0000000015740000] [id=10228]

VM state:not at safepoint (normal execution)

VM Mutex/Monitor currently owned by a thread: None

heap address: 0x00000000e0000000, size: 512 MB, Compressed Oops mode: 32-bit
Narrow klass base: 0x0000000000000000, Narrow klass shift: 3
Compressed class space size: 1073741824 Address: 0x0000000100000000

Heap:
 PSYoungGen      total 104960K, used 32947K [0x00000000f5580000, 0x00000000fcd00000, 0x0000000100000000)
  eden space 92672K, 22% used [0x00000000f5580000,0x00000000f69acfa0,0x00000000fb000000)
  from space 12288K, 99% used [0x00000000fb280000,0x00000000fbe7fdc0,0x00000000fbe80000)
  to   space 14848K, 0% used [0x00000000fbe80000,0x00000000fbe80000,0x00000000fcd00000)
 ParOldGen       total 175104K, used 19052K [0x00000000e0000000, 0x00000000eab00000, 0x00000000f5580000)
  object space 175104K, 10% used [0x00000000e0000000,0x00000000e129b1c0,0x00000000eab00000)
 Metaspace       used 48021K, capacity 49888K, committed 50096K, reserved 1091584K
  class space    used 6477K, capacity 6982K, committed 7088K, reserved 1048576K

Card table byte_map: [0x0000000011840000,0x0000000011950000] byte_map_base: 0x0000000011140000

Marking Bits: (ParMarkBitMap*) 0x00000000748ef030
 Begin Bits: [0x0000000011d50000, 0x0000000012550000)
 End Bits:   [0x0000000012550000, 0x0000000012d50000)

Polling page: 0x0000000000480000

CodeCache: size=245760Kb used=13314Kb max_used=13406Kb free=232445Kb
 bounds [0x0000000002480000, 0x00000000031b0000, 0x0000000011480000]
 total_blobs=4719 nmethods=3944 adapters=687
 compilation: enabled

Compilation events (10 events):
Event: 41.943 Thread 0x000000001380d800 4362       3       org.codehaus.groovy.reflection.AccessPermissionChecker::checkAccessPermission (70 bytes)
Event: 41.944 Thread 0x000000001380d800 nmethod 4362 0x0000000002a31a90 code [0x0000000002a31c80, 0x0000000002a32768]
Event: 41.944 Thread 0x000000001380d800 4363       3       org.gradle.internal.service.DefaultServiceRegistry::get (44 bytes)
Event: 41.945 Thread 0x000000001380d800 nmethod 4363 0x0000000002b81450 code [0x0000000002b81720, 0x0000000002b82b08]
Event: 42.032 Thread 0x000000001380d800 4365       3       java.lang.invoke.MethodHandles$Lookup::resolveOrFail (48 bytes)
Event: 42.033 Thread 0x000000001380d800 nmethod 4365 0x0000000002a31050 code [0x0000000002a31200, 0x0000000002a31878]
Event: 42.058 Thread 0x000000001380d800 4367       3       java.util.Hashtable$Enumerator::hasNext (5 bytes)
Event: 42.058 Thread 0x000000001380d800 nmethod 4367 0x00000000029b88d0 code [0x00000000029b8a40, 0x00000000029b8bc8]
Event: 42.058 Thread 0x000000001380d800 4368       3       java.util.Hashtable$Enumerator::next (27 bytes)
Event: 42.058 Thread 0x000000001380d800 nmethod 4368 0x0000000002b80ed0 code [0x0000000002b81060, 0x0000000002b812f8]

GC Heap History (10 events):
Event: 34.114 GC heap before
{Heap before GC invocations=7 (full 1):
 PSYoungGen      total 74752K, used 72231K [0x00000000f5580000, 0x00000000fac00000, 0x0000000100000000)
  eden space 64000K, 100% used [0x00000000f5580000,0x00000000f9400000,0x00000000f9400000)
  from space 10752K, 76% used [0x00000000f9580000,0x00000000f9d89f70,0x00000000fa000000)
  to   space 12288K, 0% used [0x00000000fa000000,0x00000000fa000000,0x00000000fac00000)
 ParOldGen       total 175104K, used 7147K [0x00000000e0000000, 0x00000000eab00000, 0x00000000f5580000)
  object space 175104K, 4% used [0x00000000e0000000,0x00000000e06fad98,0x00000000eab00000)
 Metaspace       used 32533K, capacity 33454K, committed 33712K, reserved 1079296K
  class space    used 4455K, capacity 4736K, committed 4784K, reserved 1048576K
Event: 34.120 GC heap after
Heap after GC invocations=7 (full 1):
 PSYoungGen      total 74240K, used 9016K [0x00000000f5580000, 0x00000000faa80000, 0x0000000100000000)
  eden space 63488K, 0% used [0x00000000f5580000,0x00000000f5580000,0x00000000f9380000)
  from space 10752K, 83% used [0x00000000fa000000,0x00000000fa8ce198,0x00000000faa80000)
  to   space 11776K, 0% used [0x00000000f9380000,0x00000000f9380000,0x00000000f9f00000)
 ParOldGen       total 175104K, used 7155K [0x00000000e0000000, 0x00000000eab00000, 0x00000000f5580000)
  object space 175104K, 4% used [0x00000000e0000000,0x00000000e06fcd98,0x00000000eab00000)
 Metaspace       used 32533K, capacity 33454K, committed 33712K, reserved 1079296K
  class space    used 4455K, capacity 4736K, committed 4784K, reserved 1048576K
}
Event: 34.732 GC heap before
{Heap before GC invocations=8 (full 1):
 PSYoungGen      total 74240K, used 54463K [0x00000000f5580000, 0x00000000faa80000, 0x0000000100000000)
  eden space 63488K, 71% used [0x00000000f5580000,0x00000000f81e1c80,0x00000000f9380000)
  from space 10752K, 83% used [0x00000000fa000000,0x00000000fa8ce198,0x00000000faa80000)
  to   space 11776K, 0% used [0x00000000f9380000,0x00000000f9380000,0x00000000f9f00000)
 ParOldGen       total 175104K, used 7155K [0x00000000e0000000, 0x00000000eab00000, 0x00000000f5580000)
  object space 175104K, 4% used [0x00000000e0000000,0x00000000e06fcd98,0x00000000eab00000)
 Metaspace       used 34242K, capacity 35396K, committed 35496K, reserved 1079296K
  class space    used 4735K, capacity 5084K, committed 5168K, reserved 1048576K
Event: 34.741 GC heap after
Heap after GC invocations=8 (full 1):
 PSYoungGen      total 75264K, used 9422K [0x00000000f5580000, 0x00000000fd000000, 0x0000000100000000)
  eden space 63488K, 0% used [0x00000000f5580000,0x00000000f5580000,0x00000000f9380000)
  from space 11776K, 80% used [0x00000000f9380000,0x00000000f9cb3b90,0x00000000f9f00000)
  to   space 11776K, 0% used [0x00000000fc480000,0x00000000fc480000,0x00000000fd000000)
 ParOldGen       total 175104K, used 7163K [0x00000000e0000000, 0x00000000eab00000, 0x00000000f5580000)
  object space 175104K, 4% used [0x00000000e0000000,0x00000000e06fed98,0x00000000eab00000)
 Metaspace       used 34242K, capacity 35396K, committed 35496K, reserved 1079296K
  class space    used 4735K, capacity 5084K, committed 5168K, reserved 1048576K
}
Event: 34.741 GC heap before
{Heap before GC invocations=9 (full 2):
 PSYoungGen      total 75264K, used 9422K [0x00000000f5580000, 0x00000000fd000000, 0x0000000100000000)
  eden space 63488K, 0% used [0x00000000f5580000,0x00000000f5580000,0x00000000f9380000)
  from space 11776K, 80% used [0x00000000f9380000,0x00000000f9cb3b90,0x00000000f9f00000)
  to   space 11776K, 0% used [0x00000000fc480000,0x00000000fc480000,0x00000000fd000000)
 ParOldGen       total 175104K, used 7163K [0x00000000e0000000, 0x00000000eab00000, 0x00000000f5580000)
  object space 175104K, 4% used [0x00000000e0000000,0x00000000e06fed98,0x00000000eab00000)
 Metaspace       used 34242K, capacity 35396K, committed 35496K, reserved 1079296K
  class space    used 4735K, capacity 5084K, committed 5168K, reserved 1048576K
Event: 34.789 GC heap after
Heap after GC invocations=9 (full 2):
 PSYoungGen      total 75264K, used 0K [0x00000000f5580000, 0x00000000fd000000, 0x0000000100000000)
  eden space 63488K, 0% used [0x00000000f5580000,0x00000000f5580000,0x00000000f9380000)
  from space 11776K, 0% used [0x00000000f9380000,0x00000000f9380000,0x00000000f9f00000)
  to   space 11776K, 0% used [0x00000000fc480000,0x00000000fc480000,0x00000000fd000000)
 ParOldGen       total 175104K, used 16064K [0x00000000e0000000, 0x00000000eab00000, 0x00000000f5580000)
  object space 175104K, 9% used [0x00000000e0000000,0x00000000e0fb0378,0x00000000eab00000)
 Metaspace       used 34242K, capacity 35396K, committed 35496K, reserved 1079296K
  class space    used 4735K, capacity 5084K, committed 5168K, reserved 1048576K
}
Event: 38.519 GC heap before
{Heap before GC invocations=10 (full 2):
 PSYoungGen      total 75264K, used 63488K [0x00000000f5580000, 0x00000000fd000000, 0x0000000100000000)
  eden space 63488K, 100% used [0x00000000f5580000,0x00000000f9380000,0x00000000f9380000)
  from space 11776K, 0% used [0x00000000f9380000,0x00000000f9380000,0x00000000f9f00000)
  to   space 11776K, 0% used [0x00000000fc480000,0x00000000fc480000,0x00000000fd000000)
 ParOldGen       total 175104K, used 16064K [0x00000000e0000000, 0x00000000eab00000, 0x00000000f5580000)
  object space 175104K, 9% used [0x00000000e0000000,0x00000000e0fb0378,0x00000000eab00000)
 Metaspace       used 37124K, capacity 38710K, committed 38832K, reserved 1083392K
  class space    used 5114K, capacity 5528K, committed 5552K, reserved 1048576K
Event: 38.525 GC heap after
Heap after GC invocations=10 (full 2):
 PSYoungGen      total 101376K, used 5647K [0x00000000f5580000, 0x00000000fca80000, 0x0000000100000000)
  eden space 95232K, 0% used [0x00000000f5580000,0x00000000f5580000,0x00000000fb280000)
  from space 6144K, 91% used [0x00000000fc480000,0x00000000fca03d40,0x00000000fca80000)
  to   space 12288K, 0% used [0x00000000fb280000,0x00000000fb280000,0x00000000fbe80000)
 ParOldGen       total 175104K, used 16072K [0x00000000e0000000, 0x00000000eab00000, 0x00000000f5580000)
  object space 175104K, 9% used [0x00000000e0000000,0x00000000e0fb2378,0x00000000eab00000)
 Metaspace       used 37124K, capacity 38710K, committed 38832K, reserved 1083392K
  class space    used 5114K, capacity 5528K, committed 5552K, reserved 1048576K
}
Event: 41.505 GC heap before
{Heap before GC invocations=11 (full 2):
 PSYoungGen      total 101376K, used 100879K [0x00000000f5580000, 0x00000000fca80000, 0x0000000100000000)
  eden space 95232K, 100% used [0x00000000f5580000,0x00000000fb280000,0x00000000fb280000)
  from space 6144K, 91% used [0x00000000fc480000,0x00000000fca03d40,0x00000000fca80000)
  to   space 12288K, 0% used [0x00000000fb280000,0x00000000fb280000,0x00000000fbe80000)
 ParOldGen       total 175104K, used 16072K [0x00000000e0000000, 0x00000000eab00000, 0x00000000f5580000)
  object space 175104K, 9% used [0x00000000e0000000,0x00000000e0fb2378,0x00000000eab00000)
 Metaspace       used 47120K, capacity 48924K, committed 49200K, reserved 1091584K
  class space    used 6341K, capacity 6834K, committed 6960K, reserved 1048576K
Event: 41.518 GC heap after
Heap after GC invocations=11 (full 2):
 PSYoungGen      total 104960K, used 12287K [0x00000000f5580000, 0x00000000fcd00000, 0x0000000100000000)
  eden space 92672K, 0% used [0x00000000f5580000,0x00000000f5580000,0x00000000fb000000)
  from space 12288K, 99% used [0x00000000fb280000,0x00000000fbe7fdc0,0x00000000fbe80000)
  to   space 14848K, 0% used [0x00000000fbe80000,0x00000000fbe80000,0x00000000fcd00000)
 ParOldGen       total 175104K, used 19052K [0x00000000e0000000, 0x00000000eab00000, 0x00000000f5580000)
  object space 175104K, 10% used [0x00000000e0000000,0x00000000e129b1c0,0x00000000eab00000)
 Metaspace       used 47120K, capacity 48924K, committed 49200K, reserved 1091584K
  class space    used 6341K, capacity 6834K, committed 6960K, reserved 1048576K
}

Deoptimization events (10 events):
Event: 40.731 Thread 0x0000000016583800 Uncommon trap: reason=unstable_if action=reinterpret pc=0x000000000309f330 method=java.security.CodeSource.<init>(Ljava/net/URL;[Ljava/security/CodeSigner;)V @ 25
Event: 40.748 Thread 0x0000000016583800 Uncommon trap: reason=unstable_if action=reinterpret pc=0x00000000027720ac method=java.security.CodeSource.getCertificates()[Ljava/security/cert/Certificate; @ 22
Event: 40.748 Thread 0x0000000016583800 Uncommon trap: reason=unstable_if action=reinterpret pc=0x0000000002979570 method=java.util.jar.JarFile.maybeInstantiateVerifier()V @ 4
Event: 40.748 Thread 0x0000000016583800 Uncommon trap: reason=unstable_if action=reinterpret pc=0x0000000002f96a2c method=java.util.jar.JarFile.maybeInstantiateVerifier()V @ 4
Event: 40.749 Thread 0x0000000016583800 Uncommon trap: reason=unstable_if action=reinterpret pc=0x00000000030a8da0 method=java.security.CodeSource.matchCerts(Ljava/security/CodeSource;Z)Z @ 11
Event: 40.765 Thread 0x0000000016583800 Uncommon trap: reason=unstable_if action=reinterpret pc=0x0000000002e33178 method=java.util.LinkedHashMap.get(Ljava/lang/Object;)Ljava/lang/Object; @ 20
Event: 40.784 Thread 0x0000000016583800 Uncommon trap: reason=unstable_if action=reinterpret pc=0x0000000002e98768 method=java.util.jar.JarFile.maybeInstantiateVerifier()V @ 4
Event: 40.801 Thread 0x0000000016583800 Uncommon trap: reason=unstable_if action=reinterpret pc=0x0000000002ec4c7c method=java.security.CodeSource.matchCerts(Ljava/security/CodeSource;Z)Z @ 11
Event: 40.912 Thread 0x0000000016583800 Uncommon trap: reason=unstable_if action=reinterpret pc=0x0000000002dd9390 method=org.objectweb.asm.ByteVector.putUTF8(Ljava/lang/String;)Lorg/objectweb/asm/ByteVector; @ 93
Event: 41.503 Thread 0x0000000016583800 Uncommon trap: reason=unstable_if action=reinterpret pc=0x0000000002ea09e8 method=org.gradle.internal.reflect.PropertyAccessorType.of(Ljava/lang/reflect/Method;)Lorg/gradle/internal/reflect/PropertyAccessorType; @ 56

Classes redefined (0 events):
No events

Internal exceptions (10 events):
Event: 41.927 Thread 0x0000000016583800 Exception <a 'java/lang/ClassNotFoundException': org/gradle/api/internal/FactoryNamedDomainObjectContainer_DecoratedCustomizer> (0x00000000f63084b8) thrown at [C:\src\AOSP-openjdk-git\hotspot\src\share\vm\classfile\systemDictionary.cpp, line 210]
Event: 41.933 Thread 0x0000000016583800 Exception <a 'java/lang/ClassNotFoundException': org/gradle/api/plugins/internal/DefaultJavaPluginConventionBeanInfo> (0x00000000f63ed678) thrown at [C:\src\AOSP-openjdk-git\hotspot\src\share\vm\classfile\systemDictionary.cpp, line 210]
Event: 41.934 Thread 0x0000000016583800 Exception <a 'java/lang/ClassNotFoundException': org/gradle/api/plugins/JavaPluginConventionBeanInfo> (0x00000000f64321a0) thrown at [C:\src\AOSP-openjdk-git\hotspot\src\share\vm\classfile\systemDictionary.cpp, line 210]
Event: 41.934 Thread 0x0000000016583800 Exception <a 'java/lang/ClassNotFoundException': org/gradle/api/plugins/JavaPluginConventionCustomizer> (0x00000000f6477c10) thrown at [C:\src\AOSP-openjdk-git\hotspot\src\share\vm\classfile\systemDictionary.cpp, line 210]
Event: 41.936 Thread 0x0000000016583800 Exception <a 'java/lang/ClassNotFoundException': org/gradle/api/plugins/internal/DefaultJavaPluginConventionCustomizer> (0x00000000f64e7b90) thrown at [C:\src\AOSP-openjdk-git\hotspot\src\share\vm\classfile\systemDictionary.cpp, line 210]
Event: 41.939 Thread 0x0000000016583800 Exception <a 'java/lang/ClassNotFoundException': org/gradle/api/plugins/internal/DefaultBasePluginConventionBeanInfo> (0x00000000f659f000) thrown at [C:\src\AOSP-openjdk-git\hotspot\src\share\vm\classfile\systemDictionary.cpp, line 210]
Event: 41.940 Thread 0x0000000016583800 Exception <a 'java/lang/ClassNotFoundException': org/gradle/api/plugins/BasePluginConventionBeanInfo> (0x00000000f65e3ba8) thrown at [C:\src\AOSP-openjdk-git\hotspot\src\share\vm\classfile\systemDictionary.cpp, line 210]
Event: 41.941 Thread 0x0000000016583800 Exception <a 'java/lang/ClassNotFoundException': org/gradle/api/plugins/BasePluginConventionCustomizer> (0x00000000f6629618) thrown at [C:\src\AOSP-openjdk-git\hotspot\src\share\vm\classfile\systemDictionary.cpp, line 210]
Event: 41.942 Thread 0x0000000016583800 Exception <a 'java/lang/ClassNotFoundException': org/gradle/api/plugins/internal/DefaultBasePluginConventionCustomizer> (0x00000000f6690858) thrown at [C:\src\AOSP-openjdk-git\hotspot\src\share\vm\classfile\systemDictionary.cpp, line 210]
Event: 42.013 Thread 0x0000000016583800 Exception <a 'java/lang/IncompatibleClassChangeError': Found class java.lang.Object, but interface was expected> (0x00000000f6792bb8) thrown at [C:\src\AOSP-openjdk-git\hotspot\src\share\vm\interpreter\linkResolver.cpp, line 653]

Events (10 events):
Event: 42.104 loading class org/apache/tools/ant/property/ParseProperties
Event: 42.104 loading class org/apache/tools/ant/property/ParseProperties done
Event: 42.105 loading class java/util/stream/FindOps
Event: 42.109 loading class java/util/stream/FindOps done
Event: 42.109 loading class java/util/stream/FindOps$FindOp
Event: 42.112 loading class java/util/stream/FindOps$FindOp done
Event: 42.113 loading class java/util/stream/FindOps$FindSink$OfRef
Event: 42.116 loading class java/util/stream/FindOps$FindSink
Event: 42.116 loading class java/util/stream/FindOps$FindSink done
Event: 42.116 loading class java/util/stream/FindOps$FindSink$OfRef done


Dynamic libraries:
0x00007ff644ab0000 - 0x00007ff644ae1000 	C:\Program Files\Android\Android Studio\jre\bin\java.exe
0x00007ff8e0e00000 - 0x00007ff8e0ff0000 	C:\WINDOWS\SYSTEM32\ntdll.dll
0x00007ff8e03c0000 - 0x00007ff8e0472000 	C:\WINDOWS\System32\KERNEL32.DLL
0x00007ff8ddae0000 - 0x00007ff8ddd85000 	C:\WINDOWS\System32\KERNELBASE.dll
0x00007ff8e0600000 - 0x00007ff8e06a3000 	C:\WINDOWS\System32\ADVAPI32.dll
0x00007ff8e0540000 - 0x00007ff8e05de000 	C:\WINDOWS\System32\msvcrt.dll
0x00007ff8de7c0000 - 0x00007ff8de857000 	C:\WINDOWS\System32\sechost.dll
0x00007ff8dfe60000 - 0x00007ff8dff80000 	C:\WINDOWS\System32\RPCRT4.dll
0x00007ff8e0000000 - 0x00007ff8e0194000 	C:\WINDOWS\System32\USER32.dll
0x00007ff8dda10000 - 0x00007ff8dda31000 	C:\WINDOWS\System32\win32u.dll
0x00007ff8e0250000 - 0x00007ff8e0276000 	C:\WINDOWS\System32\GDI32.dll
0x00007ff8dd6a0000 - 0x00007ff8dd836000 	C:\WINDOWS\System32\gdi32full.dll
0x00007ff8dda40000 - 0x00007ff8ddade000 	C:\WINDOWS\System32\msvcp_win.dll
0x00007ff8dd540000 - 0x00007ff8dd63a000 	C:\WINDOWS\System32\ucrtbase.dll
0x00007ff8c6030000 - 0x00007ff8c62b4000 	C:\WINDOWS\WinSxS\amd64_microsoft.windows.common-controls_6595b64144ccf1df_6.0.18362.1198_none_9e820b57e45ad92f\COMCTL32.dll
0x00007ff8df430000 - 0x00007ff8df765000 	C:\WINDOWS\System32\combase.dll
0x00007ff8dd8e0000 - 0x00007ff8dd960000 	C:\WINDOWS\System32\bcryptPrimitives.dll
0x00007ff8e0220000 - 0x00007ff8e024e000 	C:\WINDOWS\System32\IMM32.DLL
0x0000000073430000 - 0x0000000073502000 	C:\Program Files\Android\Android Studio\jre\jre\bin\msvcr100.dll
0x0000000074120000 - 0x000000007496b000 	C:\Program Files\Android\Android Studio\jre\jre\bin\server\jvm.dll
0x00007ff8e0530000 - 0x00007ff8e0538000 	C:\WINDOWS\System32\PSAPI.DLL
0x00007ff8d81d0000 - 0x00007ff8d81da000 	C:\WINDOWS\SYSTEM32\VERSION.dll
0x00007ff8cc7f0000 - 0x00007ff8cc7f9000 	C:\WINDOWS\SYSTEM32\WSOCK32.dll
0x00007ff8da5e0000 - 0x00007ff8da604000 	C:\WINDOWS\SYSTEM32\WINMM.dll
0x00007ff8df3b0000 - 0x00007ff8df41f000 	C:\WINDOWS\System32\WS2_32.dll
0x00007ff8da060000 - 0x00007ff8da08d000 	C:\WINDOWS\SYSTEM32\winmmbase.dll
0x00007ff8dd840000 - 0x00007ff8dd88a000 	C:\WINDOWS\System32\cfgmgr32.dll
0x00007ff8d64f0000 - 0x00007ff8d64ff000 	C:\Program Files\Android\Android Studio\jre\jre\bin\verify.dll
0x00007ff8b8a20000 - 0x00007ff8b8a49000 	C:\Program Files\Android\Android Studio\jre\jre\bin\java.dll
0x00007ff8b70f0000 - 0x00007ff8b7106000 	C:\Program Files\Android\Android Studio\jre\jre\bin\zip.dll
0x00007ff8e06b0000 - 0x00007ff8e0d97000 	C:\WINDOWS\System32\SHELL32.dll
0x00007ff8e0480000 - 0x00007ff8e0529000 	C:\WINDOWS\System32\shcore.dll
0x00007ff8ddd90000 - 0x00007ff8de511000 	C:\WINDOWS\System32\windows.storage.dll
0x00007ff8dd330000 - 0x00007ff8dd353000 	C:\WINDOWS\System32\profapi.dll
0x00007ff8dd360000 - 0x00007ff8dd3aa000 	C:\WINDOWS\System32\powrprof.dll
0x00007ff8dd320000 - 0x00007ff8dd330000 	C:\WINDOWS\System32\UMPDC.dll
0x00007ff8de700000 - 0x00007ff8de752000 	C:\WINDOWS\System32\shlwapi.dll
0x00007ff8dd3d0000 - 0x00007ff8dd3e1000 	C:\WINDOWS\System32\kernel.appcore.dll
0x00007ff8dd890000 - 0x00007ff8dd8a7000 	C:\WINDOWS\System32\cryptsp.dll
0x00007ff8b1080000 - 0x00007ff8b109a000 	C:\Program Files\Android\Android Studio\jre\jre\bin\net.dll
0x00007ff8dcb10000 - 0x00007ff8dcb77000 	C:\WINDOWS\system32\mswsock.dll
0x00007ff8b0540000 - 0x00007ff8b0553000 	C:\Program Files\Android\Android Studio\jre\jre\bin\nio.dll
0x00007ff8d8080000 - 0x00007ff8d80aa000 	C:\Users\Marcelino\.gradle\native\36\windows-amd64\native-platform.dll
0x00007ff8d4ce0000 - 0x00007ff8d4ced000 	C:\Program Files\Android\Android Studio\jre\jre\bin\management.dll
0x00007ff8dc680000 - 0x00007ff8dc6b3000 	C:\WINDOWS\system32\rsaenh.dll
0x00007ff8dd8b0000 - 0x00007ff8dd8d6000 	C:\WINDOWS\System32\bcrypt.dll
0x00007ff8dd240000 - 0x00007ff8dd265000 	C:\WINDOWS\SYSTEM32\USERENV.dll
0x00007ff8dcce0000 - 0x00007ff8dccec000 	C:\WINDOWS\SYSTEM32\CRYPTBASE.dll
0x00007ff8dc820000 - 0x00007ff8dc85a000 	C:\WINDOWS\SYSTEM32\IPHLPAPI.DLL
0x00007ff8df420000 - 0x00007ff8df428000 	C:\WINDOWS\System32\NSI.dll
0x00007ff8d68f0000 - 0x00007ff8d6906000 	C:\WINDOWS\SYSTEM32\dhcpcsvc6.DLL
0x00007ff8d6e10000 - 0x00007ff8d6e2c000 	C:\WINDOWS\SYSTEM32\dhcpcsvc.DLL
0x00007ff8dc870000 - 0x00007ff8dc93b000 	C:\WINDOWS\SYSTEM32\DNSAPI.dll

VM Arguments:
jvm_args: -XX:MaxMetaspaceSize=256m -XX:+HeapDumpOnOutOfMemoryError -Xms256m -Xmx512m -Dfile.encoding=windows-1252 -Duser.country=US -Duser.language=en -Duser.variant 
java_command: org.gradle.launcher.daemon.bootstrap.GradleDaemon 6.2
java_class_path (initial): C:\Users\Marcelino\.gradle\wrapper\dists\gradle-6.2-all\dvufqs6kielxeao781pmk5huj\gradle-6.2\lib\gradle-launcher-6.2.jar
Launcher Type: SUN_STANDARD

Environment Variables:
PATH=c:\program files (x86)\common files\oracle\java\javapath;c:\program files (x86)\common files\microsoft shared\windows live;c:\windows\system32;c:\windows;c:\windows\system32\wbem;c:\windows\system32\windowspowershell\v1.0\;c:\program files\nodejs\;c:\program files\git\cmd;C:\Program Files (x86)\NVIDIA Corporation\PhysX\Common;C:\WINDOWS\system32;C:\WINDOWS;C:\WINDOWS\System32\Wbem;C:\WINDOWS\System32\WindowsPowerShell\v1.0\;C:\WINDOWS\System32\OpenSSH\;C:\Program Files\dotnet\;C:\Program Files (x86)\mingw-w64\i686-8.1.0-posix-dwarf-rt_v6-rev0\mingw32\bin;C:\Program Files\Git\cmd;C:\Program Files (x86)\Microvirt\MEmu;C:\Users\Marcelino\anaconda3;C:\Users\Marcelino\anaconda3\Library\mingw-w64\bin;C:\Users\Marcelino\anaconda3\Library\usr\bin;C:\Users\Marcelino\anaconda3\Library\bin;C:\Users\Marcelino\anaconda3\Scripts;C:\Users\Marcelino\AppData\Local\Programs\Python\Python38-32\Scripts\;C:\Users\Marcelino\AppData\Local\Programs\Python\Python38-32\;C:\Users\Marcelino\AppData\Local\Programs\Microsoft VS Code\bin;C:\Users\Marcelino\AppData\Roaming\npm;C:\Users\Marcelino\AppData\Local\Microsoft\WindowsApps;C:\Users\Marcelino\.dotnet\tools;C:\Program Files\MongoDB\Server\4.2\bin;C:\Users\Marcelino\.dotnet\tools;C:\Users\Marcelino\AppData\Local\Postman;C:\Program Files\heroku\bin;C:\Users\Marcelino\.deno\bin;C:\Users\Marcelino\AppData\Local\Android\Sdk\platform-tools
USERNAME=Marcelino
OS=Windows_NT
PROCESSOR_IDENTIFIER=Intel64 Family 6 Model 42 Stepping 7, GenuineIntel



---------------  S Y S T E M  ---------------

OS: Windows 10.0 , 64 bit Build 18362 (10.0.18362.1110)

CPU:total 4 (initial active 4) (4 cores per cpu, 1 threads per core) family 6 model 42 stepping 7, cmov, cx8, fxsr, mmx, sse, sse2, sse3, ssse3, sse4.1, sse4.2, popcnt, avx, aes, clmul, tsc, tscinvbit

Memory: 4k page, physical 6247472k(195724k free), swap 7945264k(6000k free)

vm_info: OpenJDK 64-Bit Server VM (25.242-b01) for windows-amd64 JRE (1.8.0_242-release-1644-b01), built by "builder" with MS VC++ 10.0 (VS2010)

time: Wed Nov 25 11:03:29 2020
timezone: Venezuela Standard Time
elapsed time: 43 seconds (0d 0h 0m 43s)

